<?xml version="1.0" encoding="UTF-8"?>
<!-- Generated by org.testng.reporters.JUnitXMLReporter -->
<testsuite hostname="PC452946" ignored="0" name="Test" tests="4" failures="0" timestamp="2020-04-16T19:00:16 IST" time="44.654" errors="0">
  <testcase name="login" time="0.835" classname="org.leaftaps.testcases.TC001_LoginLogOut"/>
  <testcase name="createLead" time="7.474" classname="org.leaftaps.testcases.TC002_CreateLead"/>
  <testcase name="editLead" time="10.516" classname="org.leaftaps.testcases.TC003_EditLead"/>
  <testcase name="deleteLead" time="7.929" classname="org.leaftaps.testcases.TC004_DeleteLead"/>
</testsuite> <!-- Test -->
