<?xml version="1.0" encoding="UTF-8"?>
<testng-results skipped="0" failed="0" ignored="0" total="4" passed="4">
  <reporter-output>
  </reporter-output>
  <suite name="Suite" duration-ms="44654" started-at="2020-04-16T18:59:31 IST" finished-at="2020-04-16T19:00:16 IST">
    <groups>
    </groups>
    <test name="Test" duration-ms="44654" started-at="2020-04-16T18:59:31 IST" finished-at="2020-04-16T19:00:16 IST">
      <class name="org.leaftaps.testcases.TC004_DeleteLead">
        <test-method status="PASS" signature="setExcelPath()[pri:0, instance:org.leaftaps.testcases.TC004_DeleteLead@3b084709]" name="setExcelPath" is-config="true" duration-ms="0" started-at="2020-04-16T18:59:31 IST" finished-at="2020-04-16T18:59:31 IST">
          <reporter-output>
          </reporter-output>
        </test-method> <!-- setExcelPath -->
        <test-method status="PASS" signature="excelDate()[pri:0, instance:org.leaftaps.testcases.TC004_DeleteLead@3b084709]" name="excelDate" is-config="true" duration-ms="18" started-at="2020-04-16T19:00:01 IST" finished-at="2020-04-16T19:00:01 IST">
          <reporter-output>
          </reporter-output>
        </test-method> <!-- excelDate -->
        <test-method status="PASS" signature="launchBrowser(java.lang.String)[pri:0, instance:org.leaftaps.testcases.TC004_DeleteLead@3b084709]" name="launchBrowser" is-config="true" duration-ms="6762" started-at="2020-04-16T19:00:01 IST" finished-at="2020-04-16T19:00:08 IST">
          <params>
            <param index="0">
              <value>
                <![CDATA[http://leaftaps.com/opentaps/control/main]]>
              </value>
            </param>
          </params>
          <reporter-output>
          </reporter-output>
        </test-method> <!-- launchBrowser -->
        <test-method status="PASS" signature="deleteLead(java.lang.String, java.lang.String, java.lang.String)[pri:0, instance:org.leaftaps.testcases.TC004_DeleteLead@3b084709]" name="deleteLead" duration-ms="7929" started-at="2020-04-16T19:00:08 IST" data-provider="excelDate" finished-at="2020-04-16T19:00:16 IST">
          <params>
            <param index="0">
              <value>
                <![CDATA[demosalesmanager]]>
              </value>
            </param>
            <param index="1">
              <value>
                <![CDATA[crmsfa]]>
              </value>
            </param>
            <param index="2">
              <value>
                <![CDATA[sanjay ]]>
              </value>
            </param>
          </params>
          <reporter-output>
          </reporter-output>
        </test-method> <!-- deleteLead -->
      </class> <!-- org.leaftaps.testcases.TC004_DeleteLead -->
      <class name="org.leaftaps.testcases.TC002_CreateLead">
        <test-method status="PASS" signature="setExcelPath()[pri:0, instance:org.leaftaps.testcases.TC002_CreateLead@22a67b4]" name="setExcelPath" is-config="true" duration-ms="0" started-at="2020-04-16T18:59:31 IST" finished-at="2020-04-16T18:59:31 IST">
          <reporter-output>
          </reporter-output>
        </test-method> <!-- setExcelPath -->
        <test-method status="PASS" signature="excelDate()[pri:0, instance:org.leaftaps.testcases.TC002_CreateLead@22a67b4]" name="excelDate" is-config="true" duration-ms="27" started-at="2020-04-16T18:59:36 IST" finished-at="2020-04-16T18:59:36 IST">
          <reporter-output>
          </reporter-output>
        </test-method> <!-- excelDate -->
        <test-method status="PASS" signature="launchBrowser(java.lang.String)[pri:0, instance:org.leaftaps.testcases.TC002_CreateLead@22a67b4]" name="launchBrowser" is-config="true" duration-ms="3196" started-at="2020-04-16T18:59:36 IST" finished-at="2020-04-16T18:59:39 IST">
          <params>
            <param index="0">
              <value>
                <![CDATA[http://leaftaps.com/opentaps/control/main]]>
              </value>
            </param>
          </params>
          <reporter-output>
          </reporter-output>
        </test-method> <!-- launchBrowser -->
        <test-method status="PASS" signature="createLead(java.lang.String, java.lang.String, java.lang.String, java.lang.String, java.lang.String)[pri:0, instance:org.leaftaps.testcases.TC002_CreateLead@22a67b4]" name="createLead" duration-ms="7474" started-at="2020-04-16T18:59:39 IST" data-provider="excelDate" finished-at="2020-04-16T18:59:46 IST">
          <params>
            <param index="0">
              <value>
                <![CDATA[demosalesmanager]]>
              </value>
            </param>
            <param index="1">
              <value>
                <![CDATA[crmsfa]]>
              </value>
            </param>
            <param index="2">
              <value>
                <![CDATA[cognizant]]>
              </value>
            </param>
            <param index="3">
              <value>
                <![CDATA[sanjay ]]>
              </value>
            </param>
            <param index="4">
              <value>
                <![CDATA[krishnan]]>
              </value>
            </param>
          </params>
          <reporter-output>
          </reporter-output>
        </test-method> <!-- createLead -->
      </class> <!-- org.leaftaps.testcases.TC002_CreateLead -->
      <class name="org.leaftaps.testcases.TC001_LoginLogOut">
        <test-method status="PASS" signature="setExcelPath()[pri:0, instance:org.leaftaps.testcases.TC001_LoginLogOut@79be0360]" name="setExcelPath" is-config="true" duration-ms="16" started-at="2020-04-16T18:59:31 IST" finished-at="2020-04-16T18:59:31 IST">
          <reporter-output>
          </reporter-output>
        </test-method> <!-- setExcelPath -->
        <test-method status="PASS" signature="excelDate()[pri:0, instance:org.leaftaps.testcases.TC001_LoginLogOut@79be0360]" name="excelDate" is-config="true" duration-ms="354" started-at="2020-04-16T18:59:31 IST" finished-at="2020-04-16T18:59:31 IST">
          <reporter-output>
          </reporter-output>
        </test-method> <!-- excelDate -->
        <test-method status="PASS" signature="launchBrowser(java.lang.String)[pri:0, instance:org.leaftaps.testcases.TC001_LoginLogOut@79be0360]" name="launchBrowser" is-config="true" duration-ms="3356" started-at="2020-04-16T18:59:31 IST" finished-at="2020-04-16T18:59:35 IST">
          <params>
            <param index="0">
              <value>
                <![CDATA[http://leaftaps.com/opentaps/control/main]]>
              </value>
            </param>
          </params>
          <reporter-output>
          </reporter-output>
        </test-method> <!-- launchBrowser -->
        <test-method status="PASS" signature="login(java.lang.String, java.lang.String)[pri:0, instance:org.leaftaps.testcases.TC001_LoginLogOut@79be0360]" name="login" duration-ms="835" started-at="2020-04-16T18:59:35 IST" data-provider="excelDate" finished-at="2020-04-16T18:59:36 IST">
          <params>
            <param index="0">
              <value>
                <![CDATA[demosalesmanager]]>
              </value>
            </param>
            <param index="1">
              <value>
                <![CDATA[crmsfa]]>
              </value>
            </param>
          </params>
          <reporter-output>
          </reporter-output>
        </test-method> <!-- login -->
      </class> <!-- org.leaftaps.testcases.TC001_LoginLogOut -->
      <class name="org.leaftaps.testcases.TC003_EditLead">
        <test-method status="PASS" signature="setExcelPath()[pri:0, instance:org.leaftaps.testcases.TC003_EditLead@57855c9a]" name="setExcelPath" is-config="true" duration-ms="0" started-at="2020-04-16T18:59:31 IST" finished-at="2020-04-16T18:59:31 IST">
          <reporter-output>
          </reporter-output>
        </test-method> <!-- setExcelPath -->
        <test-method status="PASS" signature="excelDate()[pri:0, instance:org.leaftaps.testcases.TC003_EditLead@57855c9a]" name="excelDate" is-config="true" duration-ms="21" started-at="2020-04-16T18:59:46 IST" finished-at="2020-04-16T18:59:46 IST">
          <reporter-output>
          </reporter-output>
        </test-method> <!-- excelDate -->
        <test-method status="PASS" signature="launchBrowser(java.lang.String)[pri:0, instance:org.leaftaps.testcases.TC003_EditLead@57855c9a]" name="launchBrowser" is-config="true" duration-ms="4038" started-at="2020-04-16T18:59:46 IST" finished-at="2020-04-16T18:59:50 IST">
          <params>
            <param index="0">
              <value>
                <![CDATA[http://leaftaps.com/opentaps/control/main]]>
              </value>
            </param>
          </params>
          <reporter-output>
          </reporter-output>
        </test-method> <!-- launchBrowser -->
        <test-method status="PASS" signature="editLead(java.lang.String, java.lang.String, java.lang.String, java.lang.String)[pri:0, instance:org.leaftaps.testcases.TC003_EditLead@57855c9a]" name="editLead" duration-ms="10516" started-at="2020-04-16T18:59:50 IST" data-provider="excelDate" finished-at="2020-04-16T19:00:01 IST">
          <params>
            <param index="0">
              <value>
                <![CDATA[demosalesmanager]]>
              </value>
            </param>
            <param index="1">
              <value>
                <![CDATA[crmsfa]]>
              </value>
            </param>
            <param index="2">
              <value>
                <![CDATA[sanjay ]]>
              </value>
            </param>
            <param index="3">
              <value>
                <![CDATA[IT]]>
              </value>
            </param>
          </params>
          <reporter-output>
          </reporter-output>
        </test-method> <!-- editLead -->
      </class> <!-- org.leaftaps.testcases.TC003_EditLead -->
    </test> <!-- Test -->
  </suite> <!-- Suite -->
</testng-results>
